<?xml version="1.0" encoding="UTF-8"?>
<!-- Generated by org.testng.reporters.JUnitXMLReporter -->
<testsuite ignored="0" hostname="Siva" failures="0" tests="5" name="Default test" time="27.114" errors="0" timestamp="2022-08-07T19:12:17 CDT">
  <testcase classname="com.demoacti.tests.LoginPageTest" name="testForgotPasswordLiknDispalyed" time="0.058"/>
  <testcase classname="com.demoacti.tests.LoginPageTest" name="testLoginpage" time="0.009"/>
  <testcase classname="com.demoacti.tests.LoginPageTest" name="testLogoDisplayed" time="0.036"/>
  <testcase classname="com.demoacti.tests.LoginPageTest" name="testlogin" time="0.008"/>
  <testcase classname="com.demoacti.tests.LoginPageTest" name="testloginFunction" time="6.198"/>
</testsuite> <!-- Default test -->
