<?xml version="1.0" encoding="UTF-8"?>
<testng-results ignored="0" total="5" passed="5" failed="0" skipped="0">
  <reporter-output>
  </reporter-output>
  <suite started-at="2022-08-07T19:11:50 CDT" name="Default suite" finished-at="2022-08-07T19:12:17 CDT" duration-ms="27114">
    <groups>
    </groups>
    <test started-at="2022-08-07T19:11:50 CDT" name="Default test" finished-at="2022-08-07T19:12:17 CDT" duration-ms="27114">
      <class name="com.demoacti.tests.LoginPageTest">
        <test-method is-config="true" signature="setup()[pri:0, instance:com.demoacti.tests.LoginPageTest@505fc5a4]" started-at="2022-08-07T19:11:50 CDT" name="setup" finished-at="2022-08-07T19:11:56 CDT" duration-ms="6362" status="PASS">
          <reporter-output>
          </reporter-output>
        </test-method> <!-- setup -->
        <test-method signature="testForgotPasswordLiknDispalyed()[pri:0, instance:com.demoacti.tests.LoginPageTest@505fc5a4]" started-at="2022-08-07T19:11:56 CDT" name="testForgotPasswordLiknDispalyed" finished-at="2022-08-07T19:11:56 CDT" duration-ms="58" status="PASS">
          <reporter-output>
          </reporter-output>
        </test-method> <!-- testForgotPasswordLiknDispalyed -->
        <test-method is-config="true" signature="teardown()[pri:0, instance:com.demoacti.tests.LoginPageTest@505fc5a4]" started-at="2022-08-07T19:11:56 CDT" name="teardown" finished-at="2022-08-07T19:11:56 CDT" duration-ms="95" status="PASS">
          <reporter-output>
          </reporter-output>
        </test-method> <!-- teardown -->
        <test-method is-config="true" signature="setup()[pri:0, instance:com.demoacti.tests.LoginPageTest@505fc5a4]" started-at="2022-08-07T19:11:56 CDT" name="setup" finished-at="2022-08-07T19:12:00 CDT" duration-ms="3954" status="PASS">
          <reporter-output>
          </reporter-output>
        </test-method> <!-- setup -->
        <test-method signature="testLoginpage()[pri:0, instance:com.demoacti.tests.LoginPageTest@505fc5a4]" started-at="2022-08-07T19:12:00 CDT" name="testLoginpage" finished-at="2022-08-07T19:12:00 CDT" duration-ms="9" status="PASS">
          <reporter-output>
          </reporter-output>
        </test-method> <!-- testLoginpage -->
        <test-method is-config="true" signature="teardown()[pri:0, instance:com.demoacti.tests.LoginPageTest@505fc5a4]" started-at="2022-08-07T19:12:00 CDT" name="teardown" finished-at="2022-08-07T19:12:00 CDT" duration-ms="82" status="PASS">
          <reporter-output>
          </reporter-output>
        </test-method> <!-- teardown -->
        <test-method is-config="true" signature="setup()[pri:0, instance:com.demoacti.tests.LoginPageTest@505fc5a4]" started-at="2022-08-07T19:12:00 CDT" name="setup" finished-at="2022-08-07T19:12:03 CDT" duration-ms="3051" status="PASS">
          <reporter-output>
          </reporter-output>
        </test-method> <!-- setup -->
        <test-method signature="testLogoDisplayed()[pri:0, instance:com.demoacti.tests.LoginPageTest@505fc5a4]" started-at="2022-08-07T19:12:03 CDT" name="testLogoDisplayed" finished-at="2022-08-07T19:12:03 CDT" duration-ms="36" status="PASS">
          <reporter-output>
          </reporter-output>
        </test-method> <!-- testLogoDisplayed -->
        <test-method is-config="true" signature="teardown()[pri:0, instance:com.demoacti.tests.LoginPageTest@505fc5a4]" started-at="2022-08-07T19:12:03 CDT" name="teardown" finished-at="2022-08-07T19:12:03 CDT" duration-ms="61" status="PASS">
          <reporter-output>
          </reporter-output>
        </test-method> <!-- teardown -->
        <test-method is-config="true" signature="setup()[pri:0, instance:com.demoacti.tests.LoginPageTest@505fc5a4]" started-at="2022-08-07T19:12:03 CDT" name="setup" finished-at="2022-08-07T19:12:06 CDT" duration-ms="2959" status="PASS">
          <reporter-output>
          </reporter-output>
        </test-method> <!-- setup -->
        <test-method signature="testlogin()[pri:0, instance:com.demoacti.tests.LoginPageTest@505fc5a4]" started-at="2022-08-07T19:12:06 CDT" name="testlogin" finished-at="2022-08-07T19:12:06 CDT" duration-ms="8" status="PASS">
          <reporter-output>
          </reporter-output>
        </test-method> <!-- testlogin -->
        <test-method is-config="true" signature="teardown()[pri:0, instance:com.demoacti.tests.LoginPageTest@505fc5a4]" started-at="2022-08-07T19:12:06 CDT" name="teardown" finished-at="2022-08-07T19:12:06 CDT" duration-ms="69" status="PASS">
          <reporter-output>
          </reporter-output>
        </test-method> <!-- teardown -->
        <test-method is-config="true" signature="setup()[pri:0, instance:com.demoacti.tests.LoginPageTest@505fc5a4]" started-at="2022-08-07T19:12:06 CDT" name="setup" finished-at="2022-08-07T19:12:10 CDT" duration-ms="4010" status="PASS">
          <reporter-output>
          </reporter-output>
        </test-method> <!-- setup -->
        <test-method signature="testloginFunction()[pri:0, instance:com.demoacti.tests.LoginPageTest@505fc5a4]" started-at="2022-08-07T19:12:10 CDT" name="testloginFunction" finished-at="2022-08-07T19:12:17 CDT" duration-ms="6198" status="PASS">
          <reporter-output>
          </reporter-output>
        </test-method> <!-- testloginFunction -->
        <test-method is-config="true" signature="teardown()[pri:0, instance:com.demoacti.tests.LoginPageTest@505fc5a4]" started-at="2022-08-07T19:12:17 CDT" name="teardown" finished-at="2022-08-07T19:12:17 CDT" duration-ms="109" status="PASS">
          <reporter-output>
          </reporter-output>
        </test-method> <!-- teardown -->
      </class> <!-- com.demoacti.tests.LoginPageTest -->
    </test> <!-- Default test -->
  </suite> <!-- Default suite -->
</testng-results>
